2025-12-02 13:47:56 - root - INFO - Starting scan of: /Users/ichan-yeong/IdeaProjects/rabbit-mq/test_files
2025-12-02 13:47:56 - rabbitmq_client - INFO - Connecting to RabbitMQ at localhost:5672 (attempt 0/3)
2025-12-02 13:47:56 - rabbitmq_client - INFO - Successfully connected to RabbitMQ
2025-12-02 13:47:56 - directory_scanner - INFO - Starting scan of directory: /Users/ichan-yeong/IdeaProjects/rabbit-mq/test_files
2025-12-02 13:47:56 - __main__ - DEBUG - Published: test1.txt
2025-12-02 13:47:56 - __main__ - DEBUG - Published: test2.pdf
2025-12-02 13:47:56 - __main__ - DEBUG - Published: test3.jpg
2025-12-02 13:47:56 - __main__ - INFO - Scan completed. Processed: 3, Failed: 0, Skipped: 0
2025-12-02 13:47:56 - rabbitmq_client - INFO - RabbitMQ connection closed
2025-12-02 13:50:48 - root - INFO - Starting scan of: /Users/ichan-yeong/IdeaProjects/rabbit-mq/test_files
2025-12-02 13:50:48 - rabbitmq_client - INFO - Connecting to RabbitMQ at localhost:5672 (attempt 0/3)
2025-12-02 13:50:48 - rabbitmq_client - INFO - Successfully connected to RabbitMQ
2025-12-02 13:50:48 - directory_scanner - INFO - Starting scan of directory: /Users/ichan-yeong/IdeaProjects/rabbit-mq/test_files
2025-12-02 13:50:48 - __main__ - DEBUG - Published: test1.txt
2025-12-02 13:50:48 - __main__ - DEBUG - Published: test2.pdf
2025-12-02 13:50:48 - __main__ - DEBUG - Published: test3.jpg
2025-12-02 13:50:48 - __main__ - INFO - Scan completed. Processed: 3, Failed: 0, Skipped: 0
2025-12-02 13:50:48 - rabbitmq_client - INFO - RabbitMQ connection closed
2025-12-02 13:50:56 - root - INFO - Starting scan of: /Users/ichan-yeong/IdeaProjects/rabbit-mq/test_files
2025-12-02 13:50:56 - rabbitmq_client - INFO - Connecting to RabbitMQ at localhost:5672 (attempt 0/3)
2025-12-02 13:50:56 - rabbitmq_client - INFO - Successfully connected to RabbitMQ
2025-12-02 13:50:56 - directory_scanner - INFO - Starting scan of directory: /Users/ichan-yeong/IdeaProjects/rabbit-mq/test_files
2025-12-02 13:50:56 - __main__ - DEBUG - Published: test1.txt
2025-12-02 13:50:56 - __main__ - DEBUG - Published: test2.pdf
2025-12-02 13:50:56 - __main__ - DEBUG - Published: test3.jpg
2025-12-02 13:50:56 - __main__ - INFO - Scan completed. Processed: 3, Failed: 0, Skipped: 0
2025-12-02 13:50:56 - rabbitmq_client - INFO - RabbitMQ connection closed
